<?xml version="1.0" encoding="UTF-8"?>
<!-- Generated by org.testng.reporters.JUnitReportReporter -->
<testsuite hostname="DESKTOP-3JNNKKU" failures="0" tests="1" name="sel1.Loginluma" time="45.539" errors="0" timestamp="2023-09-06T19:44:51 IST" skipped="0">
  <testcase classname="sel1.Loginluma" name="myLoginTest" time="45.539"/>
</testsuite> <!-- sel1.Loginluma -->
